<?xml version="1.0" encoding="UTF-8"?>
<testsuite name="ClientTest" tests="1" skipped="0" failures="0" errors="0" timestamp="2022-05-22T12:52:01" hostname="LAPTOP-28F1EPTR" time="0.014">
  <properties/>
  <testcase name="РўРµСЃС‚РёСЂРѕРІР°РЅРёРµ РґРѕР±Р°РІР»РµРЅРёСЏ РЅРѕРІС‹С… РєР»РёРµРЅС‚РѕРІ" classname="ClientTest" time="0.014"/>
  <system-out><![CDATA[]]></system-out>
  <system-err><![CDATA[]]></system-err>
</testsuite>
